{
  "stats": {
    "suites": 1,
    "tests": 3,
    "passes": 0,
    "pending": 0,
    "failures": 3,
    "start": "2023-08-17T00:53:11.436Z",
    "end": "2023-08-17T00:53:33.560Z",
    "duration": 22124,
    "testsRegistered": 3,
    "passPercent": 0,
    "pendingPercent": 0,
    "other": 0,
    "hasOther": false,
    "skipped": 0,
    "hasSkipped": false
  },
  "results": [
    {
      "uuid": "025e9b69-608d-43fb-9f61-9acdf6733f31",
      "title": "",
      "fullFile": "cypress\\integration\\login.spec.js",
      "file": "cypress\\integration\\login.spec.js",
      "beforeHooks": [],
      "afterHooks": [],
      "tests": [],
      "suites": [
        {
          "uuid": "7d84de16-953e-457a-a407-ba3286945ece",
          "title": "Login and Sign Up",
          "fullFile": "",
          "file": "",
          "beforeHooks": [],
          "afterHooks": [],
          "tests": [
            {
              "title": "Allows a user to log in",
              "fullTitle": "Login and Sign Up Allows a user to log in",
              "timedOut": null,
              "duration": 7130,
              "state": "failed",
              "speed": null,
              "pass": false,
              "fail": true,
              "pending": false,
              "context": "[\n  {\n    \"title\": \"cypress-mochawesome-reporter-videos-failed\",\n    \"value\": \"cypress\\\\integration\\\\login.spec.js\"\n  },\n  {\n    \"title\": \"cypress-mochawesome-reporter-screenshots\",\n    \"value\": [\n      [\n        \"\\\\login.spec.js\\\\Login and Sign Up -- Allows a user to log in (failed).png\"\n      ]\n    ]\n  }\n]",
              "code": "cy.visit('/login'); // Asegúrate de ajustar la ruta si es necesario\ncy.get('[name=\"email\"]').type('oscar@dentelx.com');\ncy.get('[name=\"password\"]').type('abc123');\ncy.get('.MuiButton-containedPrimary') // Selecciona el botón por la clase 'MuiButton-containedPrimary'\n.should('have.text', 'Login in') // Verifica el texto del botón si es necesario\n.click();\ncy.intercept('GET', 'https://dtxbackend.onrender.com/api/patients/649be3a8684dc54c7b7ba6db?searchQuery=', {\n  statusCode: 200,\n  body: {} // Respuesta simulada\n});\ncy.contains('Pacientes'); // Verifica que se muestre el mensaje de éxito",
              "err": {
                "message": "AssertionError: Timed out retrying after 4000ms: Expected to find content: 'Pacientes' but never did.",
                "estack": "AssertionError: Timed out retrying after 4000ms: Expected to find content: 'Pacientes' but never did.\n    at Context.eval (webpack:///./cypress/integration/login.spec.js:14:7)",
                "diff": null
              },
              "uuid": "009a925d-25d9-4f09-8669-938b2f112c6e",
              "parentUUID": "7d84de16-953e-457a-a407-ba3286945ece",
              "isHook": false,
              "skipped": false
            },
            {
              "title": "Allows a user to sign up as dentist",
              "fullTitle": "Login and Sign Up Allows a user to sign up as dentist",
              "timedOut": null,
              "duration": 7288,
              "state": "failed",
              "speed": null,
              "pass": false,
              "fail": true,
              "pending": false,
              "context": "[\n  {\n    \"title\": \"cypress-mochawesome-reporter-videos-failed\",\n    \"value\": \"cypress\\\\integration\\\\login.spec.js\"\n  },\n  {\n    \"title\": \"cypress-mochawesome-reporter-screenshots\",\n    \"value\": [\n      [\n        \"\\\\login.spec.js\\\\Login and Sign Up -- Allows a user to sign up as dentist (failed).png\"\n      ]\n    ]\n  }\n]",
              "code": "cy.visit('/login'); // Asegúrate de ajustar la ruta si es necesario\ncy.get('.MuiLink-root ').click();\ncy.contains('Registro');\ncy.get('[name=\"nombres\"]').type('Sara Gema');\ncy.get('[name=\"apellidos\"]').type('Gonzales Suarez');\ncy.get('[name=\"email\"]').type('saraGG2@gmail.com'); //Change email when testing\ncy.get('[name=\"password\"]').type('SarahG123');\ncy.get('#mui-component-select-cargo').click();\ncy.get('[data-value=\"DENTISTA\"]').type('{enter}');\ncy.get('[name=\"telefono\"]').type('0989705423');\ncy.get('.MuiButton-containedPrimary').click();\ncy.contains('Pacientes');\ncy.intercept('POST', 'https://dtxbackend.onrender.com/api/users/signup', {\n  statusCode: 200,\n  body: {} // Respuesta simulada\n});",
              "err": {
                "message": "AssertionError: Timed out retrying after 4000ms: Expected to find content: 'Pacientes' but never did.",
                "estack": "AssertionError: Timed out retrying after 4000ms: Expected to find content: 'Pacientes' but never did.\n    at Context.eval (webpack:///./cypress/integration/login.spec.js:30:9)",
                "diff": null
              },
              "uuid": "493bfb73-66e5-4d93-b37b-676ed419f5b0",
              "parentUUID": "7d84de16-953e-457a-a407-ba3286945ece",
              "isHook": false,
              "skipped": false
            },
            {
              "title": "Allows a user to sign up as Ortod.",
              "fullTitle": "Login and Sign Up Allows a user to sign up as Ortod.",
              "timedOut": null,
              "duration": 7504,
              "state": "failed",
              "speed": null,
              "pass": false,
              "fail": true,
              "pending": false,
              "context": "[\n  {\n    \"title\": \"cypress-mochawesome-reporter-videos-failed\",\n    \"value\": \"cypress\\\\integration\\\\login.spec.js\"\n  },\n  {\n    \"title\": \"cypress-mochawesome-reporter-screenshots\",\n    \"value\": [\n      [\n        \"\\\\login.spec.js\\\\Login and Sign Up -- Allows a user to sign up as Ortod (failed).png\"\n      ]\n    ]\n  }\n]",
              "code": "cy.visit('/login'); // Asegúrate de ajustar la ruta si es necesario\ncy.get('.MuiLink-root ').click();\ncy.contains('Registro');\ncy.get('[name=\"nombres\"]').type('Sara Gema');\ncy.get('[name=\"apellidos\"]').type('Gonzales Suarez');\ncy.get('[name=\"email\"]').type('saraGG3@gmail.com'); //Change email when testing\ncy.get('[name=\"password\"]').type('SarahG123');\ncy.get('#mui-component-select-cargo').click();\ncy.get('[data-value=\"DENTISTA\"]').type('{downarrow}{enter}');\ncy.get('[name=\"telefono\"]').type('0989705423');\ncy.get('.MuiButton-containedPrimary').click();\ncy.contains('Pacientes');\ncy.intercept('POST', 'https://dtxbackend.onrender.com/api/users/signup', {\n  statusCode: 200,\n  body: {} // Respuesta simulada\n});",
              "err": {
                "message": "AssertionError: Timed out retrying after 4000ms: Expected to find content: 'Pacientes' but never did.",
                "estack": "AssertionError: Timed out retrying after 4000ms: Expected to find content: 'Pacientes' but never did.\n    at Context.eval (webpack:///./cypress/integration/login.spec.js:50:9)",
                "diff": null
              },
              "uuid": "52910589-37f5-4101-97cd-8f545baa7d07",
              "parentUUID": "7d84de16-953e-457a-a407-ba3286945ece",
              "isHook": false,
              "skipped": false
            }
          ],
          "suites": [],
          "passes": [],
          "failures": [
            "009a925d-25d9-4f09-8669-938b2f112c6e",
            "493bfb73-66e5-4d93-b37b-676ed419f5b0",
            "52910589-37f5-4101-97cd-8f545baa7d07"
          ],
          "pending": [],
          "skipped": [],
          "duration": 21922,
          "root": false,
          "rootEmpty": false,
          "_timeout": 2000
        }
      ],
      "passes": [],
      "failures": [],
      "pending": [],
      "skipped": [],
      "duration": 0,
      "root": true,
      "rootEmpty": true,
      "_timeout": 2000
    }
  ],
  "meta": {
    "mocha": {
      "version": "7.0.1"
    },
    "mochawesome": {
      "options": {
        "quiet": false,
        "reportFilename": "mochawesome",
        "saveHtml": false,
        "saveJson": true,
        "consoleReporter": "spec",
        "useInlineDiffs": false,
        "code": true
      },
      "version": "7.1.3"
    },
    "marge": {
      "options": {
        "reportDir": "cypress\\results\\.jsons",
        "overwrite": false,
        "html": false,
        "json": true
      },
      "version": "6.2.0"
    }
  }
}