{
  "stats": {
    "suites": 1,
    "tests": 3,
    "passes": 3,
    "pending": 0,
    "failures": 0,
    "start": "2023-08-17T21:19:26.058Z",
    "end": "2023-08-17T21:20:06.263Z",
    "duration": 40205,
    "testsRegistered": 3,
    "passPercent": 100,
    "pendingPercent": 0,
    "other": 0,
    "hasOther": false,
    "skipped": 0,
    "hasSkipped": false
  },
  "results": [
    {
      "uuid": "df354f18-f7d6-4359-9f49-0c9c689146a5",
      "title": "",
      "fullFile": "cypress\\integration\\login.spec.js",
      "file": "cypress\\integration\\login.spec.js",
      "beforeHooks": [],
      "afterHooks": [],
      "tests": [],
      "suites": [
        {
          "uuid": "e2db0f02-3b10-4dfd-adf2-ca32aaafb976",
          "title": "Login and Sign Up",
          "fullFile": "",
          "file": "",
          "beforeHooks": [],
          "afterHooks": [],
          "tests": [
            {
              "title": "Allows a user to log in",
              "fullTitle": "Login and Sign Up Allows a user to log in",
              "timedOut": null,
              "duration": 18087,
              "state": "passed",
              "speed": "slow",
              "pass": true,
              "fail": false,
              "pending": false,
              "context": "{\n  \"title\": \"cypress-mochawesome-reporter-videos-passed\",\n  \"value\": \"cypress\\\\integration\\\\login.spec.js\"\n}",
              "code": "cy.viewport(2000, 650);\ncy.visit('/login'); // Asegúrate de ajustar la ruta si es necesario\ncy.get('[name=\"email\"]').type('oscar@dentelx.com');\ncy.get('[name=\"password\"]').type('abc123');\ncy.get('.MuiButton-containedPrimary') // Selecciona el botón por la clase 'MuiButton-containedPrimary'\n.should('have.text', 'Login in') // Verifica el texto del botón si es necesario\n.click();\ncy.intercept('GET', 'https://dtxbackend.onrender.com/api/patients/649be3a8684dc54c7b7ba6db?searchQuery=', {\n  statusCode: 200,\n  body: {} // Respuesta simulada\n});\ncy.wait(15000);\ncy.contains('Pacientes'); // Verifica que se muestre el mensaje de éxito",
              "err": {},
              "uuid": "c2ed4115-238e-4aeb-8b54-6f56e2f9abdf",
              "parentUUID": "e2db0f02-3b10-4dfd-adf2-ca32aaafb976",
              "isHook": false,
              "skipped": false
            },
            {
              "title": "Allows a user to sign up as dentist",
              "fullTitle": "Login and Sign Up Allows a user to sign up as dentist",
              "timedOut": null,
              "duration": 18050,
              "state": "passed",
              "speed": "slow",
              "pass": true,
              "fail": false,
              "pending": false,
              "context": "{\n  \"title\": \"cypress-mochawesome-reporter-videos-passed\",\n  \"value\": \"cypress\\\\integration\\\\login.spec.js\"\n}",
              "code": "cy.visit('/login'); // Asegúrate de ajustar la ruta si es necesario\ncy.get('.MuiLink-root ').click();\ncy.contains('Registro');\ncy.get('[name=\"nombres\"]').type('Sara Gema');\ncy.get('[name=\"apellidos\"]').type('Gonzales Suarez');\ncy.get('[name=\"email\"]').type('saraGG2@gmail.com'); //Change email when testing\ncy.get('[name=\"password\"]').type('SarahG123');\ncy.get('#mui-component-select-cargo').click();\ncy.get('[data-value=\"DENTISTA\"]').type('{enter}');\ncy.get('[name=\"telefono\"]').type('0989705423');\ncy.get('.MuiButton-containedPrimary').click();\ncy.wait(15000);\ncy.intercept('POST', 'https://dtxbackend.onrender.com/api/users/signup', {\n  statusCode: 200,\n  body: {} // Respuesta simulada\n});",
              "err": {},
              "uuid": "fb095496-78db-4d01-9230-4576d2ade95b",
              "parentUUID": "e2db0f02-3b10-4dfd-adf2-ca32aaafb976",
              "isHook": false,
              "skipped": false
            },
            {
              "title": "Allows a user to sign up as Ortod.",
              "fullTitle": "Login and Sign Up Allows a user to sign up as Ortod.",
              "timedOut": null,
              "duration": 3965,
              "state": "passed",
              "speed": "fast",
              "pass": true,
              "fail": false,
              "pending": false,
              "context": "{\n  \"title\": \"cypress-mochawesome-reporter-videos-passed\",\n  \"value\": \"cypress\\\\integration\\\\login.spec.js\"\n}",
              "code": "cy.visit('/login'); // Asegúrate de ajustar la ruta si es necesario\ncy.get('.MuiLink-root ').click();\ncy.contains('Registro');\ncy.get('[name=\"nombres\"]').type('Sara Gema');\ncy.get('[name=\"apellidos\"]').type('Gonzales Suarez');\ncy.get('[name=\"email\"]').type('saraGG3@gmail.com'); //Change email when testing\ncy.get('[name=\"password\"]').type('SarahG123');\ncy.get('#mui-component-select-cargo').click();\ncy.get('[data-value=\"DENTISTA\"]').type('{downarrow}{enter}');\ncy.get('[name=\"telefono\"]').type('0989705423');\ncy.get('.MuiButton-containedPrimary').click();\ncy.intercept('POST', 'https://dtxbackend.onrender.com/api/users/signup', {\n  statusCode: 200,\n  body: {} // Respuesta simulada\n});",
              "err": {},
              "uuid": "33b9177b-3f0d-486e-a43f-ab97d232f164",
              "parentUUID": "e2db0f02-3b10-4dfd-adf2-ca32aaafb976",
              "isHook": false,
              "skipped": false
            }
          ],
          "suites": [],
          "passes": [
            "c2ed4115-238e-4aeb-8b54-6f56e2f9abdf",
            "fb095496-78db-4d01-9230-4576d2ade95b",
            "33b9177b-3f0d-486e-a43f-ab97d232f164"
          ],
          "failures": [],
          "pending": [],
          "skipped": [],
          "duration": 40102,
          "root": false,
          "rootEmpty": false,
          "_timeout": 2000
        }
      ],
      "passes": [],
      "failures": [],
      "pending": [],
      "skipped": [],
      "duration": 0,
      "root": true,
      "rootEmpty": true,
      "_timeout": 2000
    }
  ],
  "meta": {
    "mocha": {
      "version": "7.0.1"
    },
    "mochawesome": {
      "options": {
        "quiet": false,
        "reportFilename": "mochawesome",
        "saveHtml": false,
        "saveJson": true,
        "consoleReporter": "spec",
        "useInlineDiffs": false,
        "code": true
      },
      "version": "7.1.3"
    },
    "marge": {
      "options": {
        "reportDir": "cypress\\results\\.jsons",
        "overwrite": false,
        "html": false,
        "json": true
      },
      "version": "6.2.0"
    }
  }
}