{
  "stats": {
    "suites": 1,
    "tests": 3,
    "passes": 1,
    "pending": 0,
    "failures": 2,
    "start": "2023-08-17T21:06:47.828Z",
    "end": "2023-08-17T21:07:11.543Z",
    "duration": 23715,
    "testsRegistered": 3,
    "passPercent": 33.33333333333333,
    "pendingPercent": 0,
    "other": 0,
    "hasOther": false,
    "skipped": 0,
    "hasSkipped": false
  },
  "results": [
    {
      "uuid": "3fa59a7c-d8bc-4ed5-a22e-40481289d0af",
      "title": "",
      "fullFile": "cypress\\integration\\login.spec.js",
      "file": "cypress\\integration\\login.spec.js",
      "beforeHooks": [],
      "afterHooks": [],
      "tests": [],
      "suites": [
        {
          "uuid": "4a210895-9fe2-4233-86a7-446f28f5bba1",
          "title": "Login and Sign Up",
          "fullFile": "",
          "file": "",
          "beforeHooks": [],
          "afterHooks": [],
          "tests": [
            {
              "title": "Allows a user to log in",
              "fullTitle": "Login and Sign Up Allows a user to log in",
              "timedOut": null,
              "duration": 4400,
              "state": "passed",
              "speed": "fast",
              "pass": true,
              "fail": false,
              "pending": false,
              "context": "{\n  \"title\": \"cypress-mochawesome-reporter-videos-passed\",\n  \"value\": \"cypress\\\\integration\\\\login.spec.js\"\n}",
              "code": "cy.viewport(2000, 650);\ncy.visit('/login'); // Asegúrate de ajustar la ruta si es necesario\ncy.get('[name=\"email\"]').type('oscar@dentelx.com');\ncy.get('[name=\"password\"]').type('abc123');\ncy.get('.MuiButton-containedPrimary') // Selecciona el botón por la clase 'MuiButton-containedPrimary'\n.should('have.text', 'Login in') // Verifica el texto del botón si es necesario\n.click();\ncy.intercept('GET', 'https://dtxbackend.onrender.com/api/patients/649be3a8684dc54c7b7ba6db?searchQuery=', {\n  statusCode: 200,\n  body: {} // Respuesta simulada\n});\ncy.contains('Pacientes'); // Verifica que se muestre el mensaje de éxito",
              "err": {},
              "uuid": "86a9f75f-54f9-4a93-84df-6b92ceb5f4c0",
              "parentUUID": "4a210895-9fe2-4233-86a7-446f28f5bba1",
              "isHook": false,
              "skipped": false
            },
            {
              "title": "Allows a user to sign up as dentist",
              "fullTitle": "Login and Sign Up Allows a user to sign up as dentist",
              "timedOut": null,
              "duration": 11744,
              "state": "failed",
              "speed": null,
              "pass": false,
              "fail": true,
              "pending": false,
              "context": "[\n  {\n    \"title\": \"cypress-mochawesome-reporter-videos-failed\",\n    \"value\": \"cypress\\\\integration\\\\login.spec.js\"\n  },\n  {\n    \"title\": \"cypress-mochawesome-reporter-screenshots\",\n    \"value\": [\n      [\n        \"\\\\login.spec.js\\\\Login and Sign Up -- Allows a user to sign up as dentist (failed).png\"\n      ]\n    ]\n  }\n]",
              "code": "cy.visit('/login'); // Asegúrate de ajustar la ruta si es necesario\ncy.get('.MuiLink-root ').click();\ncy.contains('Registro');\ncy.get('[name=\"nombres\"]').type('Sara Gema');\ncy.get('[name=\"apellidos\"]').type('Gonzales Suarez');\ncy.get('[name=\"email\"]').type('saraGG2@gmail.com'); //Change email when testing\ncy.get('[name=\"password\"]').type('SarahG123');\ncy.get('#mui-component-select-cargo').click();\ncy.get('[data-value=\"DENTISTA\"]').type('{enter}');\ncy.get('[name=\"telefono\"]').type('0989705423');\ncy.get('.MuiButton-containedPrimary').click();\ncy.wait(4000);\ncy.contains('Pacientes');\ncy.intercept('POST', 'https://dtxbackend.onrender.com/api/users/signup', {\n  statusCode: 200,\n  body: {} // Respuesta simulada\n});",
              "err": {
                "message": "AssertionError: Timed out retrying after 4000ms: Expected to find content: 'Pacientes' but never did.",
                "estack": "AssertionError: Timed out retrying after 4000ms: Expected to find content: 'Pacientes' but never did.\n    at Context.eval (webpack:///./cypress/integration/login.spec.js:31:9)",
                "diff": null
              },
              "uuid": "5c70f896-d989-4af3-ab34-336edaea6a3c",
              "parentUUID": "4a210895-9fe2-4233-86a7-446f28f5bba1",
              "isHook": false,
              "skipped": false
            },
            {
              "title": "Allows a user to sign up as Ortod.",
              "fullTitle": "Login and Sign Up Allows a user to sign up as Ortod.",
              "timedOut": null,
              "duration": 7318,
              "state": "failed",
              "speed": null,
              "pass": false,
              "fail": true,
              "pending": false,
              "context": "[\n  {\n    \"title\": \"cypress-mochawesome-reporter-videos-failed\",\n    \"value\": \"cypress\\\\integration\\\\login.spec.js\"\n  },\n  {\n    \"title\": \"cypress-mochawesome-reporter-screenshots\",\n    \"value\": [\n      [\n        \"\\\\login.spec.js\\\\Login and Sign Up -- Allows a user to sign up as Ortod (failed).png\"\n      ]\n    ]\n  }\n]",
              "code": "cy.visit('/login'); // Asegúrate de ajustar la ruta si es necesario\ncy.get('.MuiLink-root ').click();\ncy.contains('Registro');\ncy.get('[name=\"nombres\"]').type('Sara Gema');\ncy.get('[name=\"apellidos\"]').type('Gonzales Suarez');\ncy.get('[name=\"email\"]').type('saraGG3@gmail.com'); //Change email when testing\ncy.get('[name=\"password\"]').type('SarahG123');\ncy.get('#mui-component-select-cargo').click();\ncy.get('[data-value=\"DENTISTA\"]').type('{downarrow}{enter}');\ncy.get('[name=\"telefono\"]').type('0989705423');\ncy.get('.MuiButton-containedPrimary').click();\ncy.contains('Pacientes');\ncy.intercept('POST', 'https://dtxbackend.onrender.com/api/users/signup', {\n  statusCode: 200,\n  body: {} // Respuesta simulada\n});",
              "err": {
                "message": "AssertionError: Timed out retrying after 4000ms: Expected to find content: 'Pacientes' but never did.",
                "estack": "AssertionError: Timed out retrying after 4000ms: Expected to find content: 'Pacientes' but never did.\n    at Context.eval (webpack:///./cypress/integration/login.spec.js:51:9)",
                "diff": null
              },
              "uuid": "68ae300d-e55b-46b5-9367-daa03cd3fc10",
              "parentUUID": "4a210895-9fe2-4233-86a7-446f28f5bba1",
              "isHook": false,
              "skipped": false
            }
          ],
          "suites": [],
          "passes": [
            "86a9f75f-54f9-4a93-84df-6b92ceb5f4c0"
          ],
          "failures": [
            "5c70f896-d989-4af3-ab34-336edaea6a3c",
            "68ae300d-e55b-46b5-9367-daa03cd3fc10"
          ],
          "pending": [],
          "skipped": [],
          "duration": 23462,
          "root": false,
          "rootEmpty": false,
          "_timeout": 2000
        }
      ],
      "passes": [],
      "failures": [],
      "pending": [],
      "skipped": [],
      "duration": 0,
      "root": true,
      "rootEmpty": true,
      "_timeout": 2000
    }
  ],
  "meta": {
    "mocha": {
      "version": "7.0.1"
    },
    "mochawesome": {
      "options": {
        "quiet": false,
        "reportFilename": "mochawesome",
        "saveHtml": false,
        "saveJson": true,
        "consoleReporter": "spec",
        "useInlineDiffs": false,
        "code": true
      },
      "version": "7.1.3"
    },
    "marge": {
      "options": {
        "reportDir": "cypress\\results\\.jsons",
        "overwrite": false,
        "html": false,
        "json": true
      },
      "version": "6.2.0"
    }
  }
}